<?xml version="1.0" encoding="UTF-8"?>
<!-- Generated by org.testng.reporters.JUnitReportReporter -->
<testsuite skipped="0" hostname="Admin-PC" name="com.selenim.project.GoogleTest" tests="1" failures="0" timestamp="12 Feb 2019 03:59:28 GMT" time="22.025" errors="0">
  <testcase name="testGoogle" time="22.025" classname="com.selenim.project.GoogleTest"/>
</testsuite> <!-- com.selenim.project.GoogleTest -->
