<?xml version="1.0" encoding="UTF-8"?>
<!-- Generated by org.testng.reporters.JUnitReportReporter -->
<testsuite skipped="0" hostname="Admin-PC" name="com.selenim.project.GoogleTest" tests="1" failures="0" timestamp="12 Feb 2019 05:04:43 GMT" time="23.465" errors="0">
  <testcase name="testGoogle" time="23.465" classname="com.selenim.project.GoogleTest"/>
</testsuite> <!-- com.selenim.project.GoogleTest -->
